<?xml version="1.0" encoding="UTF-8" ?>
<testsuite errors="0" failures="0" hostname="DINESH-LAPTOP" name="Model.ContactTest" skipped="0" tests="18" time="0.094" timestamp="2019-02-13T15:59:29">
  <properties>
[...]
</properties>
  <testcase classname="Model.ContactTest" name="testSetContactId" time="0.004" />
  <testcase classname="Model.ContactTest" name="testGetEmail" time="0.001" />
  <testcase classname="Model.ContactTest" name="testGetPhone" time="0.001" />
  <testcase classname="Model.ContactTest" name="testGetState" time="0.0" />
  <testcase classname="Model.ContactTest" name="testSetCountry" time="0.0" />
  <testcase classname="Model.ContactTest" name="testGetCity" time="0.001" />
  <testcase classname="Model.ContactTest" name="testSetStreetAddress" time="0.001" />
  <testcase classname="Model.ContactTest" name="testGetContactId" time="0.0" />
  <testcase classname="Model.ContactTest" name="testGetCountry" time="0.0" />
  <testcase classname="Model.ContactTest" name="testGetApt" time="0.0" />
  <testcase classname="Model.ContactTest" name="testGetZip" time="0.0" />
  <testcase classname="Model.ContactTest" name="testSetCity" time="0.0" />
  <testcase classname="Model.ContactTest" name="testSetApt" time="0.001" />
  <testcase classname="Model.ContactTest" name="testSetZip" time="0.0" />
  <testcase classname="Model.ContactTest" name="testSetEmail" time="0.0" />
  <testcase classname="Model.ContactTest" name="testSetPhone" time="0.0" />
  <testcase classname="Model.ContactTest" name="testSetState" time="0.0" />
  <testcase classname="Model.ContactTest" name="testGetStreetAddress" time="0.0" />
  <system-out><![CDATA[setContactId
getEmail
getPhone
getState
setCountry
getCity
setStreetAddress
getContactId
getCountry
getApt
getZip
setCity
setApt
setZip
setEmail
setPhone
setState
getStreetAddress
]]></system-out>
  <system-err><![CDATA[]]></system-err>
</testsuite>
